{
  "stats": {
    "suites": 2,
    "tests": 2,
    "passes": 2,
    "pending": 0,
    "failures": 0,
    "start": "2023-08-28T15:53:38.179Z",
    "end": "2023-08-28T15:53:43.698Z",
    "duration": 5519,
    "testsRegistered": 2,
    "passPercent": 100,
    "pendingPercent": 0,
    "other": 0,
    "hasOther": false,
    "skipped": 0,
    "hasSkipped": false
  },
  "results": [
    {
      "uuid": "f5234689-ba6d-48d8-a95e-da99d9a85006",
      "title": "",
      "fullFile": "cypress\\e2e\\login.cy.js",
      "file": "cypress\\e2e\\login.cy.js",
      "beforeHooks": [],
      "afterHooks": [],
      "tests": [],
      "suites": [
        {
          "uuid": "8ca60663-ce32-4f23-9a44-52f7d0e762c7",
          "title": "Pengujian Login Berhasil",
          "fullFile": "",
          "file": "",
          "beforeHooks": [],
          "afterHooks": [],
          "tests": [
            {
              "title": "Login dengan username dan kata sandi benar",
              "fullTitle": "Pengujian Login Berhasil Login dengan username dan kata sandi benar",
              "timedOut": null,
              "duration": 2060,
              "state": "passed",
              "speed": "fast",
              "pass": true,
              "fail": false,
              "pending": false,
              "context": null,
              "code": "cy.visit('https://www.saucedemo.com/');\n// Isi formulir login\ncy.get('[data-test=\"username\"]').type('standard_user');\ncy.get('[data-test=\"password\"]').type('secret_sauce');\n// Klik tombol login\ncy.get('[data-test=\"login-button\"]').click();\n// Verifikasi pengguna berhasil masuk\ncy.url().should('include', '/inventory.html');\ncy.get('.inventory_list').should('be.visible');",
              "err": {},
              "uuid": "83e3d8fe-a920-4005-aac9-b966080ee411",
              "parentUUID": "8ca60663-ce32-4f23-9a44-52f7d0e762c7",
              "isHook": false,
              "skipped": false
            }
          ],
          "suites": [],
          "passes": [
            "83e3d8fe-a920-4005-aac9-b966080ee411"
          ],
          "failures": [],
          "pending": [],
          "skipped": [],
          "duration": 2060,
          "root": false,
          "rootEmpty": false,
          "_timeout": 2000
        },
        {
          "uuid": "7b798acd-3172-404f-b00c-00072fed840d",
          "title": "Pengujian Login Gagal",
          "fullFile": "",
          "file": "",
          "beforeHooks": [],
          "afterHooks": [],
          "tests": [
            {
              "title": "Login dengan username atau kata sandi salah",
              "fullTitle": "Pengujian Login Gagal Login dengan username atau kata sandi salah",
              "timedOut": null,
              "duration": 1091,
              "state": "passed",
              "speed": "fast",
              "pass": true,
              "fail": false,
              "pending": false,
              "context": null,
              "code": "cy.visit('https://www.saucedemo.com/');\n// Isi formulir login dengan username dan kata sandi yang salah\ncy.get('[data-test=\"username\"]').type('username_salah');\ncy.get('[data-test=\"password\"]').type('password_salah');\n// Klik tombol login\ncy.get('[data-test=\"login-button\"]').click();\n// Verifikasi bahwa pesan kesalahan muncul\ncy.get('[data-test=\"error\"]').should('be.visible');",
              "err": {},
              "uuid": "d3ccd8bc-84b9-48b8-8076-aa0f4bfbb288",
              "parentUUID": "7b798acd-3172-404f-b00c-00072fed840d",
              "isHook": false,
              "skipped": false
            }
          ],
          "suites": [],
          "passes": [
            "d3ccd8bc-84b9-48b8-8076-aa0f4bfbb288"
          ],
          "failures": [],
          "pending": [],
          "skipped": [],
          "duration": 1091,
          "root": false,
          "rootEmpty": false,
          "_timeout": 2000
        }
      ],
      "passes": [],
      "failures": [],
      "pending": [],
      "skipped": [],
      "duration": 0,
      "root": true,
      "rootEmpty": true,
      "_timeout": 2000
    }
  ],
  "meta": {
    "mocha": {
      "version": "7.0.1"
    },
    "mochawesome": {
      "options": {
        "quiet": false,
        "reportFilename": "mochawesome",
        "saveHtml": false,
        "saveJson": true,
        "consoleReporter": "spec",
        "useInlineDiffs": false,
        "code": true
      },
      "version": "7.1.3"
    },
    "marge": {
      "options": {
        "chart": true,
        "overwrite": false,
        "html": false,
        "json": true,
        "reportDir": "cypress/reports"
      },
      "version": "6.2.0"
    }
  }
}